第1页数据抓取成功,耗时32秒，成功保存课程50门 
第3页数据抓取成功,耗时28秒，成功保存课程50门 
第2页数据抓取成功,耗时29秒，成功保存课程50门 
[2017-01-04 17:35:46] Processed: App\Jobs\Jwc\CourseUpdateJob
第5页数据抓取成功,耗时30秒，成功保存课程50门 
第9页数据抓取成功,耗时26秒，成功保存课程50门 
第10页数据抓取成功,耗时26秒，成功保存课程50门 
[2017-01-04 17:35:51] Processed: App\Jobs\Jwc\CourseUpdateJob
第6页数据抓取成功,耗时32秒，成功保存课程50门 
第4页数据抓取成功,耗时34秒，成功保存课程50门 
第7页数据抓取成功,耗时31秒，成功保存课程50门 
第8页数据抓取成功,耗时31秒，成功保存课程50门 
[2017-01-04 17:35:53] Processed: App\Jobs\Jwc\CourseUpdateJob
[2017-01-04 17:35:55] Processed: App\Jobs\Jwc\CourseUpdateJob
[2017-01-04 17:35:58] Processed: App\Jobs\Jwc\CourseUpdateJob
[2017-01-04 17:35:58] Processed: App\Jobs\Jwc\CourseUpdateJob
[2017-01-04 17:36:00] Processed: App\Jobs\Jwc\CourseUpdateJob
[2017-01-04 17:36:02] Processed: App\Jobs\Jwc\CourseUpdateJob
[2017-01-04 17:36:04] Processed: App\Jobs\Jwc\CourseUpdateJob
[2017-01-04 17:36:07] Processed: App\Jobs\Jwc\CourseUpdateJob
[2017-01-04 17:36:17] Processed: App\Jobs\Jwc\CourseUpdateJob
[2017-01-04 17:36:21] Processed: App\Jobs\Jwc\CourseUpdateJob
第16页数据抓取成功,耗时42秒，成功保存课程50门 
[2017-01-04 17:36:42] Processed: App\Jobs\Jwc\CourseUpdateJob
第17页数据抓取成功,耗时48秒，成功保存课程50门 
第19页数据抓取成功,耗时43秒，成功保存课程50门 
第18页数据抓取成功,耗时48秒，成功保存课程50门 
[2017-01-04 17:36:51] Processed: App\Jobs\Jwc\CourseUpdateJob
第14页数据抓取成功,耗时56秒，成功保存课程50门 
第21页数据抓取成功,耗时35秒，成功保存课程50门 
第13页数据抓取成功,耗时59秒，成功保存课程50门 
第22页数据抓取成功,耗时32秒，成功保存课程50门 
[2017-01-04 17:36:53] Processed: App\Jobs\Jwc\CourseUpdateJob
第20页数据抓取成功,耗时46秒，成功保存课程50门 
第15页数据抓取成功,耗时56秒，成功保存课程50门 
[2017-01-04 17:36:58] Processed: App\Jobs\Jwc\CourseUpdateJob[2017-01-04 17:36:58] Processed: App\Jobs\Jwc\CourseUpdateJob

[2017-01-04 17:37:00] Processed: App\Jobs\Jwc\CourseUpdateJob
第23[2017-01-04 17:37:02] Processed: App\Jobs\Jwc\CourseUpdateJob
[2017-01-04 17:37:05] Processed: App\Jobs\Jwc\CourseUpdateJob
[2017-01-04 17:37:11] Processed: App\Jobs\Jwc\CourseUpdateJob
[2017-01-04 17:37:22] Processed: App\Jobs\Jwc\CourseUpdateJob
[2017-01-04 17:37:23] Processed: App\Jobs\Jwc\CourseUpdateJob
[2017-01-04 17:37:24] Processed: App\Jobs\Jwc\CourseUpdateJob
[2017-01-04 17:37:24] Processed: App\Jobs\Jwc\CourseUpdateJob
第26页数据抓取成功,耗时41秒，成功保存课程50门 
第25页数据抓取成功,耗时44秒，成功保存课程50门 
第28页数据抓取成功,耗时37秒，成功保存课程50门 
第27页数据抓取成功,耗时40秒，成功保存课程50门 
[2017-01-04 17:37:44] Processed: App\Jobs\Jwc\CourseUpdateJob
[2017-01-04 17:37:46] Processed: App\Jobs\Jwc\CourseUpdateJob
[2017-01-04 17:37:49] Processed: App\Jobs\Jwc\CourseUpdateJob
第15页数据抓取成功,耗时53秒，成功保存课程50门 
第20页数据抓取成功,耗时40秒，成功保存课程50门 
[2017-01-04 17:37:51] Processed: App\Jobs\Jwc\CourseUpdateJob
第22页数据抓取成功,耗时29秒，成功保存课程50门 
第29页数据抓取成功,耗时29秒，成功保存课程50门 
第31页数据抓取成功,耗时28秒，成功保存课程50门 
第30页数据抓取成功,耗时28秒，成功保存课程50门 
[2017-01-04 17:37:53] Processed: App\Jobs\Jwc\CourseUpdateJob
[2017-01-04 17:37:55] Processed: App\Jobs\Jwc\CourseUpdateJob
[2017-01-04 17:37:58] Processed: App\Jobs\Jwc\CourseUpdateJob
[2017-01-04 17:38:00] Processed: App\Jobs\Jwc\CourseUpdateJob
[2017-01-04 17:38:02] Processed: App\Jobs\Jwc\CourseUpdateJob
[2017-01-04 17:38:05] Processed: App\Jobs\Jwc\CourseUpdateJob
[2017-01-04 17:38:14] Processed: App\Jobs\Jwc\CourseUpdateJob
[2017-01-04 17:38:16] Processed: App\Jobs\Jwc\CourseUpdateJob
第37页数据抓取成功,耗时42秒，成功保存课程50门 
第39页数据抓取成功,耗时38秒，成功保存课程50门 
第36页数据抓取成功,耗时45秒，成功保存课程50门 
第34页数据抓取成功,耗时50秒，成功保存课程50门 
[2017-01-04 17:38:40] Processed: App\Jobs\Jwc\CourseUpdateJob
第40页数据抓取成功,耗时38秒，成功保存课程50门 
第41页数据抓取成功,耗时36秒，成功保存课程50门 
第38页数据抓取成功,耗时43秒，成功保存课程50门 
[2017-01-04 17:38:42] Processed: App\Jobs\Jwc\CourseUpdateJob
第43页数据抓取成功,耗时28秒，成功保存课程50门 
第42页数据抓取成功,耗时30秒，成功保存课程50门 
[2017-01-04 17:38:46] Processed: App\Jobs\Jwc\CourseUpdateJob
[2017-01-04 17:38:48] Processed: App\Jobs\Jwc\CourseUpdateJob
[2017-01-04 17:38:48] Processed: App\Jobs\Jwc\CourseUpdateJob
[2017-01-04 17:38:51] Processed: App\Jobs\Jwc\CourseUpdateJob
[2017-01-04 17:38:53] Processed: App\Jobs\Jwc\CourseUpdateJob
[2017-01-04 17:39:09] Processed: App\Jobs\Jwc\CourseUpdateJob
[2017-01-04 17:39:10] Processed: App\Jobs\Jwc\CourseUpdateJob
[2017-01-04 17:39:11] Processed: App\Jobs\Jwc\CourseUpdateJob
[2017-01-04 17:39:12] Processed: App\Jobs\Jwc\CourseUpdateJob
[2017-01-04 17:39:14] Processed: App\Jobs\Jwc\CourseUpdateJob
第48页数据抓取成功,耗时34秒，成功保存课程50门 
第46页数据抓取成功,耗时41秒，成功保存课程50门 
第47页数据抓取成功,耗时38秒，成功保存课程50门 
[2017-01-04 17:39:28] Processed: App\Jobs\Jwc\CourseUpdateJob
第49页数据抓取成功,耗时35秒，成功保存课程50门 
第34页数据抓取成功,耗时39秒，成功保存课程50门 
[2017-01-04 17:39:30] Processed: App\Jobs\Jwc\CourseUpdateJob
[2017-01-04 17:39:33] Processed: App\Jobs\Jwc\CourseUpdateJob
[2017-01-04 17:39:35] Processed: App\Jobs\Jwc\CourseUpdateJob
第50页数据抓取成功,耗时26秒，成功保存课程50门 
[2017-01-04 17:39:37] Processed: App\Jobs\Jwc\CourseUpdateJob
第51页数据抓取成功,耗时26秒，成功保存课程50门 
第38页数据抓取成功,耗时28秒，成功保存课程50门 
第52页数据抓取成功,耗时25秒，成功保存课程50门 
第53页数据抓取成功,耗时24秒，成功保存课程50门 
[2017-01-04 17:39:39] Processed: App\Jobs\Jwc\CourseUpdateJob
[2017-01-04 17:39:42] Processed: App\Jobs\Jwc\CourseUpdateJob
[2017-01-04 17:39:44] Processed: App\Jobs\Jwc\CourseUpdateJob
[2017-01-04 17:39:46] Processed: App\Jobs\Jwc\CourseUpdateJob
[2017-01-04 17:39:48] Processed: App\Jobs\Jwc\CourseUpdateJob
第54页数据抓取成功,耗时51秒，成功保存课程50门 
第57页数据抓取成功,耗时45秒，成功保存课程50门 
[2017-01-04 17:40:22] Processed: App\Jobs\Jwc\CourseUpdateJob
第55页数据抓取成功,耗时53秒，成功保存课程50门 
[2017-01-04 17:40:24] Processed: App\Jobs\Jwc\CourseUpdateJob
第60页数据抓取成功,耗时44秒，成功保存课程50门 
第56页数据抓取成功,耗时53秒，成功保存课程50门 
第59页数据抓取成功,耗时47秒，成功保存课程50门 
[2017-01-04 17:40:26] Processed: App\Jobs\Jwc\CourseUpdateJob
第58页数据抓取成功,耗时50秒，成功保存课程50门 
第63页数据抓取成功,耗时41秒，成功保存课程50门 
第61页数据抓取成功,耗时45秒，成功保存课程50门 
第62页数据抓取成功,耗时45秒，成功保存课程50门 
[2017-01-04 17:40:31] Processed: App\Jobs\Jwc\CourseUpdateJob
[2017-01-04 17:40:33] Processed: App\Jobs\Jwc\CourseUpdateJob
[2017-01-04 17:40:33] Processed: App\Jobs\Jwc\CourseUpdateJob
[2017-01-04 17:40:36] Processed: App\Jobs\Jwc\CourseUpdateJob
[2017-01-04 17:40:38] Processed: App\Jobs\Jwc\CourseUpdateJob
[2017-01-04 17:40:42] Processed: App\Jobs\Jwc\CourseUpdateJob
[2017-01-04 17:40:42] Processed: App\Jobs\Jwc\CourseUpdateJob
[2017-01-04 17:40:57] Processed: App\Jobs\Jwc\CourseUpdateJob
第65页数据抓取成功,耗时59秒，成功保存课程50门 
第68页数据抓取成功,耗时51秒，成功保存课程50门 
[2017-01-04 17:41:25] Processed: App\Jobs\Jwc\CourseUpdateJob
第71页数据抓取成功,耗时49秒，成功保存课程50门 
第69页数据抓取成功,耗时54秒，成功保存课程50门 
[2017-01-04 17:41:28] Processed: App\Jobs\Jwc\CourseUpdateJob
第67页数据抓取成功,耗时58秒，成功保存课程50门 
[2017-01-04 17:41:30] Processed: App\Jobs\Jwc\CourseUpdateJob
第64页数据抓取成功,耗时69秒，成功保存课程50门 
第70页数据抓取成功,耗时56秒，成功保存课程50门 
第73页数据抓取成功,耗时51秒，成功保存课程50门 
第72页数据抓取成功,耗时52秒，成功保存课程50门 
[2017-01-04 17:41:34] Processed: App\Jobs\Jwc\CourseUpdateJob
[2017-01-04 17:41:35] Processed: App\Jobs\Jwc\CourseUpdateJob
第74页数据抓取成功,耗时39秒，成功保存课程50门 
[2017-01-04 17:41:37] Processed: App\Jobs\Jwc\CourseUpdateJob
[2017-01-04 17:41:41] Processed: App\Jobs\Jwc\CourseUpdateJob
[2017-01-04 17:41:43] Processed: App\Jobs\Jwc\CourseUpdateJob
[2017-01-04 17:41:43] Processed: App\Jobs\Jwc\CourseUpdateJob
[2017-01-04 17:41:46] Processed: App\Jobs\Jwc\CourseUpdateJob
[2017-01-04 17:41:55] Processed: App\Jobs\Jwc\CourseUpdateJob
[2017-01-04 17:41:58] Processed: App\Jobs\Jwc\CourseUpdateJob
[2017-01-04 17:42:00] Processed: App\Jobs\Jwc\CourseUpdateJob
第70页数据抓取成功,耗时56秒，成功保存课程50门 
第81页数据抓取成功,耗时48秒，成功保存课程50门 
第79页数据抓取成功,耗时53秒，成功保存课程50门 
[2017-01-04 17:42:36] Processed: App\Jobs\Jwc\CourseUpdateJob
第78页数据抓取成功,耗时61秒，成功保存课程50门 
第73页数据抓取成功,耗时52秒，成功保存课程50门 
第80页数据抓取成功,耗时53秒，成功保存课程50门 
[2017-01-04 17:42:38] Processed: App\Jobs\Jwc\CourseUpdateJob
[2017-01-04 17:42:40] Processed: App\Jobs\Jwc\CourseUpdateJob
第77页数据抓取成功,耗时65秒，成功保存课程50门 
第82页数据抓取成功,耗时50秒，成功保存课程50门 
第83页数据抓取成功,耗时48秒，成功保存课程50门 
[2017-01-04 17:42:47] Processed: App\Jobs\Jwc\CourseUpdateJob
第84页数据抓取成功,耗时48秒，成功保存课程50门 
[2017-01-04 17:42:49] Processed: App\Jobs\Jwc\CourseUpdateJob
[2017-01-04 17:42:49] Processed: App\Jobs\Jwc\CourseUpdateJob
[2017-01-04 17:42:51] Processed: App\Jobs\Jwc\CourseUpdateJob
[2017-01-04 17:42:51] Processed: App\Jobs\Jwc\CourseUpdateJob
[2017-01-04 17:42:56] Processed: App\Jobs\Jwc\CourseUpdateJob
[2017-01-04 17:42:56] Processed: App\Jobs\Jwc\CourseUpdateJob
[2017-01-04 17:43:06] Processed: App\Jobs\Jwc\CourseUpdateJob
[2017-01-04 17:43:09] Processed: App\Jobs\Jwc\CourseUpdateJob
[2017-01-04 17:43:10] Processed: App\Jobs\Jwc\CourseUpdateJob
第91页数据抓取成功,耗时35秒，成功保存课程50门 
第90页数据抓取成功,耗时36秒，成功保存课程50门 
[2017-01-04 17:43:33] Processed: App\Jobs\Jwc\CourseUpdateJob
第89页数据抓取成功,耗时44秒，成功保存课程50门 
[2017-01-04 17:43:35] Processed: App\Jobs\Jwc\CourseUpdateJob
第80页数据抓取成功,耗时50秒，成功保存课程50门 
[2017-01-04 17:43:38] Processed: App\Jobs\Jwc\CourseUpdateJob
第88页数据抓取成功,耗时47秒，成功保存课程50门 
第87页数据抓取成功,耗时50秒，成功保存课程50门 
[2017-01-04 17:43:40] Processed: App\Jobs\Jwc\CourseUpdateJob
第86页数据抓取成功,耗时51秒，成功保存课程50门 
第94页数据抓取成功,耗时33秒，成功保存课程50门 
[2017-01-04 17:43:43] Processed: App\Jobs\Jwc\CourseUpdateJob
第93页数据抓取成功,耗时34秒，成功保存课程50门 
第92页数据抓取成功,耗时37秒，成功保存课程50门 
[2017-01-04 17:43:45] Processed: App\Jobs\Jwc\CourseUpdateJob
[2017-01-04 17:43:49] Processed: App\Jobs\Jwc\CourseUpdateJob
[2017-01-04 17:43:49] Processed: App\Jobs\Jwc\CourseUpdateJob
[2017-01-04 17:43:51] Processed: App\Jobs\Jwc\CourseUpdateJob
[2017-01-04 17:43:54] Processed: App\Jobs\Jwc\CourseUpdateJob
[2017-01-04 17:44:04] Processed: App\Jobs\Jwc\CourseUpdateJob
[2017-01-04 17:44:08] Processed: App\Jobs\Jwc\CourseUpdateJob
第98页数据抓取成功,耗时49秒，成功保存课程50门 
第102页数据抓取成功,耗时39秒，成功保存课程50门 
第100页数据抓取成功,耗时45秒，成功保存课程50门 
[2017-01-04 17:44:32] Processed: App\Jobs\Jwc\CourseUpdateJob
第103页数据抓取成功,耗时38秒，成功保存课程50门 
第99页数据抓取成功,耗时50秒，成功保存课程50门 
[2017-01-04 17:44:34] Processed: App\Jobs\Jwc\CourseUpdateJob
第86页数据抓取成功,耗时45秒，成功保存课程50门 
第101页数据抓取成功,耗时45秒，成功保存课程50门 
[2017-01-04 17:44:36] Processed: App\Jobs\Jwc\CourseUpdateJob
第104页数据抓取成功,耗时33秒，成功保存课程50门 
第96页数据抓取成功,耗时62秒，成功保存课程50门 
[2017-01-04 17:44:38] Processed: App\Jobs\Jwc\CourseUpdateJob
第105页数据抓取成功,耗时31秒，成功保存课程50门 
[2017-01-04 17:44:41] Processed: App\Jobs\Jwc\CourseUpdateJob
[2017-01-04 17:44:45] Processed: App\Jobs\Jwc\CourseUpdateJob
[2017-01-04 17:44:50] Processed: App\Jobs\Jwc\CourseUpdateJob
[2017-01-04 17:44:52] Processed: App\Jobs\Jwc\CourseUpdateJob
[2017-01-04 17:45:02] Processed: App\Jobs\Jwc\CourseUpdateJob
[2017-01-04 17:45:04] Processed: App\Jobs\Jwc\CourseUpdateJob
[2017-01-04 17:45:04] Processed: App\Jobs\Jwc\CourseUpdateJob
[2017-01-04 17:45:07] Processed: App\Jobs\Jwc\CourseUpdateJob
第106页数据抓取成功,耗时56秒，成功保存课程50门 
[2017-01-04 17:45:31] Processed: App\Jobs\Jwc\CourseUpdateJob
第109页数据抓取成功,耗时50秒，成功保存课程50门 
第108页数据抓取成功,耗时54秒，成功保存课程50门 
第111页数据抓取成功,耗时41秒，成功保存课程50门 
[2017-01-04 17:45:36] Processed: App\Jobs\Jwc\CourseUpdateJob
[2017-01-04 17:45:36] Processed: App\Jobs\Jwc\CourseUpdateJob
第101页数据抓取成功,耗时46秒，成功保存课程50门 
[2017-01-04 17:45:38] Processed: App\Jobs\Jwc\CourseUpdateJob
[2017-01-04 17:45:41] Processed: App\Jobs\Jwc\CourseUpdateJob
第112页数据抓取成功,耗时43秒，成功保存课程50门 
第110页数据抓取成功,耗时60秒，成功保存课程50门 
[2017-01-04 17:45:47] Processed: App\Jobs\Jwc\CourseUpdateJob
第113页数据抓取成功,耗时46秒，成功保存课程50门 
[2017-01-04 17:45:50] Processed: App\Jobs\Jwc\CourseUpdateJob
[2017-01-04 17:45:52] Processed: App\Jobs\Jwc\CourseUpdateJob
第114页数据抓取成功,耗时49秒，成功保存课程50门 
第115页数据抓取成功,耗时49秒，成功保存课程50门 
[2017-01-04 17:45:56] Processed: App\Jobs\Jwc\CourseUpdateJob
[2017-01-04 17:45:59] Processed: App\Jobs\Jwc\CourseUpdateJob
[2017-01-04 17:46:07] Processed: App\Jobs\Jwc\CourseUpdateJob
第116页数据抓取成功,耗时47秒，成功保存课程50门 
[2017-01-04 17:46:20] Processed: App\Jobs\Jwc\CourseUpdateJob
第118页数据抓取成功,耗时51秒，成功保存课程50门 
[2017-01-04 17:46:30] Processed: App\Jobs\Jwc\CourseUpdateJob
第117页数据抓取成功,耗时54秒，成功保存课程50门 
[2017-01-04 17:46:32] Processed: App\Jobs\Jwc\CourseUpdateJob
第120页数据抓取成功,耗时53秒，成功保存课程50门 
第119页数据抓取成功,耗时58秒，成功保存课程50门 
[2017-01-04 17:46:37] Processed: App\Jobs\Jwc\CourseUpdateJob
[2017-01-04 17:46:39] Processed: App\Jobs\Jwc\CourseUpdateJob
第110页数据抓取成功,耗时60秒，成功保存课程50门 
[2017-01-04 17:46:50] Processed: App\Jobs\Jwc\CourseUpdateJob
第122页数据抓取成功,耗时62秒，成功保存课程50门 
[2017-01-04 17:46:56] Processed: App\Jobs\Jwc\CourseUpdateJob
第123页数据抓取成功,耗时61秒，成功保存课程50门 
第124页数据抓取成功,耗时60秒，成功保存课程50门 
[2017-01-04 17:47:00] Processed: App\Jobs\Jwc\CourseUpdateJob
[2017-01-04 17:47:02] Processed: App\Jobs\Jwc\CourseUpdateJob
第125页数据抓取成功,耗时58秒，成功保存课程50门 
[2017-01-04 17:47:08] Processed: App\Jobs\Jwc\CourseUpdateJob
第126页数据抓取成功,耗时59秒，成功保存课程50门 
第127页数据抓取成功,耗时49秒，成功保存课程50门 
[2017-01-04 17:47:21] Processed: App\Jobs\Jwc\CourseUpdateJob
第128页数据抓取成功,耗时50秒，成功保存课程50门 
[2017-01-04 17:47:23] Processed: App\Jobs\Jwc\CourseUpdateJob
[2017-01-04 17:47:23] Processed: App\Jobs\Jwc\CourseUpdateJob
第129页数据抓取成功,耗时47秒，成功保存课程50门 
[2017-01-04 17:47:25] Processed: App\Jobs\Jwc\CourseUpdateJob
第130页数据抓取成功,耗时48秒，成功保存课程50门 
[2017-01-04 17:47:28] Processed: App\Jobs\Jwc\CourseUpdateJob
[2017-01-04 17:47:30] Processed: App\Jobs\Jwc\CourseUpdateJob
第131页数据抓取成功,耗时51秒，成功保存课程50门 
[2017-01-04 17:47:43] Processed: App\Jobs\Jwc\CourseUpdateJob
第123页数据抓取成功,耗时55秒，成功保存课程50门 
[2017-01-04 17:47:54] Processed: App\Jobs\Jwc\CourseUpdateJob
第132页数据抓取成功,耗时55秒，成功保存课程50门 
[2017-01-04 17:48:00] Processed: App\Jobs\Jwc\CourseUpdateJob
第124页数据抓取成功,耗时63秒，成功保存课程50门 
[2017-01-04 17:48:05] Processed: App\Jobs\Jwc\CourseUpdateJob
第143页数据抓取成功,耗时1秒，成功保存课程0门 
第133页数据抓取成功,耗时59秒，成功保存课程50门 
[2017-01-04 17:48:09] Processed: App\Jobs\Jwc\CourseUpdateJob
第142页数据抓取成功,耗时11秒，成功保存课程10门 
[2017-01-04 17:48:12] Processed: App\Jobs\Jwc\CourseUpdateJob
[2017-01-04 17:48:14] Processed: App\Jobs\Jwc\CourseUpdateJob
第135页数据抓取成功,耗时61秒，成功保存课程50门 
第136页数据抓取成功,耗时63秒，成功保存课程50门 
[2017-01-04 17:48:26] Processed: App\Jobs\Jwc\CourseUpdateJob
[2017-01-04 17:48:29] Processed: App\Jobs\Jwc\CourseUpdateJob
第139页数据抓取成功,耗时60秒，成功保存课程50门 
第138页数据抓取成功,耗时63秒，成功保存课程50门 
[2017-01-04 17:48:33] Processed: App\Jobs\Jwc\CourseUpdateJob
第137页数据抓取成功,耗时68秒，成功保存课程50门 
[2017-01-04 17:48:35] Processed: App\Jobs\Jwc\CourseUpdateJob
第140页数据抓取成功,耗时54秒，成功保存课程50门 
[2017-01-04 17:48:37] Processed: App\Jobs\Jwc\CourseUpdateJob
第141页数据抓取成功,耗时45秒，成功保存课程50门 
[2017-01-04 17:48:39] Processed: App\Jobs\Jwc\CourseUpdateJob
第12页数据抓取成功,耗时27秒，成功保存课程50门 
[2017-01-04 17:48:42] Processed: App\Jobs\Jwc\CourseUpdateJob
第11页数据抓取成功,耗时30秒，成功保存课程50门 
[2017-01-04 17:48:44] Processed: App\Jobs\Jwc\CourseUpdateJob
[2017-01-04 17:48:46] Processed: App\Jobs\Jwc\CourseUpdateJob
第133页数据抓取成功,耗时45秒，成功保存课程50门 
[2017-01-04 17:48:56] Processed: App\Jobs\Jwc\CourseUpdateJob
第136页数据抓取成功,耗时39秒，成功保存课程50门 
[2017-01-04 17:49:07] Processed: App\Jobs\Jwc\CourseUpdateJob
第137页数据抓取成功,耗时41秒，成功保存课程50门 
[2017-01-04 17:49:12] Processed: App\Jobs\Jwc\CourseUpdateJob
第24页数据抓取成功,耗时41秒，成功保存课程50门 
第33页数据抓取成功,耗时35秒，成功保存课程50门 
第44页数据抓取成功,耗时33秒，成功保存课程50门 
第32页数据抓取成功,耗时39秒，成功保存课程50门 
第45页数据抓取成功,耗时32秒，成功保存课程50门 
[2017-01-04 17:49:19] Processed: App\Jobs\Jwc\CourseUpdateJob
[2017-01-04 17:49:21] Processed: App\Jobs\Jwc\CourseUpdateJob
[2017-01-04 17:49:23] Processed: App\Jobs\Jwc\CourseUpdateJob
第13页数据抓取成功,耗时46秒，成功保存课程50门 
[2017-01-04 17:49:25] Processed: App\Jobs\Jwc\CourseUpdateJob
第138页数据抓取成功,耗时54秒，成功保存课程50门 
第66页数据抓取成功,耗时31秒，成功保存课程50门 
[2017-01-04 17:49:28] Processed: App\Jobs\Jwc\CourseUpdateJob
[2017-01-04 17:49:30] Processed: App\Jobs\Jwc\CourseUpdateJob
[2017-01-04 17:49:32] Processed: App\Jobs\Jwc\CourseUpdateJob
第64页数据抓取成功,耗时25秒，成功保存课程50门 
第75页数据抓取成功,耗时21秒，成功保存课程50门 
[2017-01-04 17:49:35] Processed: App\Jobs\Jwc\CourseUpdateJob
[2017-01-04 17:49:37] Processed: App\Jobs\Jwc\CourseUpdateJob
[2017-01-04 17:49:39] Processed: App\Jobs\Jwc\CourseUpdateJob
[2017-01-04 17:49:40] Processed: App\Jobs\Jwc\CourseUpdateJob
[2017-01-04 17:49:50] Processed: App\Jobs\Jwc\CourseUpdateJob
[2017-01-04 17:50:00] Failed: App\Jobs\Jwc\CourseUpdateJob
第95页数据抓取成功,耗时46秒，成功保存课程50门 
第78页数据抓取成功,耗时52秒，成功保存课程50门 
[2017-01-04 17:50:17] Processed: App\Jobs\Jwc\CourseUpdateJob
[2017-01-04 17:50:19] Processed: App\Jobs\Jwc\CourseUpdateJob
第77页数据抓取成功,耗时58秒，成功保存课程50门 
第97页数据抓取成功,耗时50秒，成功保存课程50门 
[2017-01-04 17:50:21] Failed: App\Jobs\Jwc\CourseUpdateJob
第96页数据抓取成功,耗时47秒，成功保存课程50门 
第107页数据抓取成功,耗时50秒，成功保存课程50门 
第76页数据抓取成功,耗时64秒，成功保存课程50门 
第85页数据抓取成功,耗时58秒，成功保存课程50门 
第121页数据抓取成功,耗时47秒，成功保存课程50门 
[2017-01-04 17:50:24] Processed: App\Jobs\Jwc\CourseUpdateJob
[2017-01-04 17:50:26] Processed: App\Jobs\Jwc\CourseUpdateJob
[2017-01-04 17:50:26] Processed: App\Jobs\Jwc\CourseUpdateJob
[2017-01-04 17:50:29] Processed: App\Jobs\Jwc\CourseUpdateJob
[2017-01-04 17:50:31] Processed: App\Jobs\Jwc\CourseUpdateJob
[2017-01-04 17:50:33] Processed: App\Jobs\Jwc\CourseUpdateJob
[2017-01-04 17:50:36] Processed: App\Jobs\Jwc\CourseUpdateJob
[2017-01-04 17:50:52] Processed: App\Jobs\Jwc\CourseUpdateJob
第85页数据抓取成功,耗时28秒，成功保存课程50门 
第107页数据抓取成功,耗时22秒，成功保存课程50门 
[2017-01-04 17:50:56] Processed: App\Jobs\Jwc\CourseUpdateJob
[2017-01-04 17:50:58] Processed: App\Jobs\Jwc\CourseUpdateJob
[2017-01-04 17:50:59] Failed: App\Jobs\Jwc\CourseUpdateJob
